{"C:\\Users\\Anish\\Desktop\\waether-dashboard\\server\\app.js": {"path":"C:\\Users\\Anish\\Desktop\\waether-dashboard\\server\\app.js","statementMap":{"0":{"start":{"line":1,"column":15},"end":{"line":1,"column":38}},"1":{"start":{"line":2,"column":16},"end":{"line":2,"column":34}},"2":{"start":{"line":3,"column":21},"end":{"line":3,"column":45}},"3":{"start":{"line":4,"column":15},"end":{"line":4,"column":32}},"4":{"start":{"line":5,"column":22},"end":{"line":5,"column":55}},"5":{"start":{"line":6,"column":13},"end":{"line":6,"column":28}},"6":{"start":{"line":8,"column":20},"end":{"line":8,"column":44}},"7":{"start":{"line":9,"column":20},"end":{"line":9,"column":55}},"8":{"start":{"line":10,"column":21},"end":{"line":10,"column":57}},"9":{"start":{"line":11,"column":15},"end":{"line":11,"column":34}},"10":{"start":{"line":12,"column":15},"end":{"line":12,"column":40}},"11":{"start":{"line":14,"column":12},"end":{"line":14,"column":21}},"12":{"start":{"line":17,"column":0},"end":{"line":17,"column":18}},"13":{"start":{"line":20,"column":0},"end":{"line":20,"column":27}},"14":{"start":{"line":23,"column":0},"end":{"line":23,"column":24}},"15":{"start":{"line":24,"column":0},"end":{"line":24,"column":48}},"16":{"start":{"line":27,"column":0},"end":{"line":27,"column":24}},"17":{"start":{"line":30,"column":0},"end":{"line":30,"column":25}},"18":{"start":{"line":33,"column":0},"end":{"line":36,"column":3}},"19":{"start":{"line":34,"column":2},"end":{"line":34,"column":66}},"20":{"start":{"line":35,"column":2},"end":{"line":35,"column":9}},"21":{"start":{"line":39,"column":0},"end":{"line":39,"column":29}},"22":{"start":{"line":42,"column":0},"end":{"line":42,"column":24}},"23":{"start":{"line":45,"column":13},"end":{"line":45,"column":28}},"24":{"start":{"line":46,"column":0},"end":{"line":51,"column":1}},"25":{"start":{"line":47,"column":2},"end":{"line":47,"column":66}},"26":{"start":{"line":48,"column":2},"end":{"line":50,"column":5}},"27":{"start":{"line":49,"column":4},"end":{"line":49,"column":74}},"28":{"start":{"line":54,"column":0},"end":{"line":58,"column":3}},"29":{"start":{"line":55,"column":14},"end":{"line":55,"column":62}},"30":{"start":{"line":56,"column":2},"end":{"line":56,"column":23}},"31":{"start":{"line":57,"column":2},"end":{"line":57,"column":12}},"32":{"start":{"line":61,"column":0},"end":{"line":61,"column":22}},"33":{"start":{"line":63,"column":0},"end":{"line":63,"column":21}}},"fnMap":{"0":{"name":"(anonymous_0)","decl":{"start":{"line":33,"column":8},"end":{"line":33,"column":9}},"loc":{"start":{"line":33,"column":28},"end":{"line":36,"column":1}},"line":33},"1":{"name":"(anonymous_1)","decl":{"start":{"line":48,"column":15},"end":{"line":48,"column":16}},"loc":{"start":{"line":48,"column":29},"end":{"line":50,"column":3}},"line":48},"2":{"name":"(anonymous_2)","decl":{"start":{"line":54,"column":8},"end":{"line":54,"column":9}},"loc":{"start":{"line":54,"column":28},"end":{"line":58,"column":1}},"line":54}},"branchMap":{"0":{"loc":{"start":{"line":46,"column":0},"end":{"line":51,"column":1}},"type":"if","locations":[{"start":{"line":46,"column":0},"end":{"line":51,"column":1}},{"start":{},"end":{}}],"line":46}},"s":{"0":1,"1":1,"2":1,"3":1,"4":1,"5":1,"6":1,"7":1,"8":1,"9":1,"10":1,"11":1,"12":1,"13":1,"14":1,"15":1,"16":1,"17":1,"18":1,"19":4,"20":4,"21":1,"22":1,"23":1,"24":1,"25":0,"26":0,"27":0,"28":1,"29":0,"30":0,"31":0,"32":1,"33":1},"f":{"0":4,"1":0,"2":0},"b":{"0":[0,1]},"_coverageSchema":"1a1c01bbd47fc00a2c39e90264f33305004495a9","hash":"0f505cad183e8620aab35dcc5d0e4be9a2eba1dd"}
,"C:\\Users\\Anish\\Desktop\\waether-dashboard\\server\\config\\cors.js": {"path":"C:\\Users\\Anish\\Desktop\\waether-dashboard\\server\\config\\cors.js","statementMap":{"0":{"start":{"line":1,"column":20},"end":{"line":8,"column":1}},"1":{"start":{"line":10,"column":0},"end":{"line":10,"column":29}}},"fnMap":{},"branchMap":{"0":{"loc":{"start":{"line":2,"column":10},"end":{"line":4,"column":29}},"type":"cond-expr","locations":[{"start":{"line":3,"column":7},"end":{"line":3,"column":61}},{"start":{"line":4,"column":6},"end":{"line":4,"column":29}}],"line":2},"1":{"loc":{"start":{"line":3,"column":7},"end":{"line":3,"column":61}},"type":"binary-expr","locations":[{"start":{"line":3,"column":7},"end":{"line":3,"column":33}},{"start":{"line":3,"column":37},"end":{"line":3,"column":61}}],"line":3}},"s":{"0":1,"1":1},"f":{},"b":{"0":[0,1],"1":[0,0]},"_coverageSchema":"1a1c01bbd47fc00a2c39e90264f33305004495a9","hash":"bfaf188fd3454e59bba4b81b8bb7db69b4aa7579"}
,"C:\\Users\\Anish\\Desktop\\waether-dashboard\\server\\config\\env.js": {"path":"C:\\Users\\Anish\\Desktop\\waether-dashboard\\server\\config\\env.js","statementMap":{"0":{"start":{"line":1,"column":15},"end":{"line":1,"column":32}},"1":{"start":{"line":2,"column":13},"end":{"line":2,"column":28}},"2":{"start":{"line":5,"column":0},"end":{"line":5,"column":60}},"3":{"start":{"line":7,"column":20},"end":{"line":7,"column":47}},"4":{"start":{"line":9,"column":0},"end":{"line":13,"column":3}},"5":{"start":{"line":10,"column":2},"end":{"line":12,"column":3}},"6":{"start":{"line":11,"column":4},"end":{"line":11,"column":89}},"7":{"start":{"line":15,"column":0},"end":{"line":23,"column":2}}},"fnMap":{"0":{"name":"(anonymous_0)","decl":{"start":{"line":9,"column":20},"end":{"line":9,"column":21}},"loc":{"start":{"line":9,"column":30},"end":{"line":13,"column":1}},"line":9}},"branchMap":{"0":{"loc":{"start":{"line":10,"column":2},"end":{"line":12,"column":3}},"type":"if","locations":[{"start":{"line":10,"column":2},"end":{"line":12,"column":3}},{"start":{},"end":{}}],"line":10},"1":{"loc":{"start":{"line":16,"column":7},"end":{"line":16,"column":44}},"type":"binary-expr","locations":[{"start":{"line":16,"column":7},"end":{"line":16,"column":27}},{"start":{"line":16,"column":31},"end":{"line":16,"column":44}}],"line":16},"2":{"loc":{"start":{"line":17,"column":8},"end":{"line":17,"column":32}},"type":"binary-expr","locations":[{"start":{"line":17,"column":8},"end":{"line":17,"column":24}},{"start":{"line":17,"column":28},"end":{"line":17,"column":32}}],"line":17},"3":{"loc":{"start":{"line":20,"column":13},"end":{"line":20,"column":43}},"type":"binary-expr","locations":[{"start":{"line":20,"column":13},"end":{"line":20,"column":35}},{"start":{"line":20,"column":39},"end":{"line":20,"column":43}}],"line":20},"4":{"loc":{"start":{"line":22,"column":28},"end":{"line":22,"column":66}},"type":"binary-expr","locations":[{"start":{"line":22,"column":28},"end":{"line":22,"column":57}},{"start":{"line":22,"column":61},"end":{"line":22,"column":66}}],"line":22}},"s":{"0":1,"1":1,"2":1,"3":1,"4":1,"5":2,"6":0,"7":1},"f":{"0":2},"b":{"0":[0,2],"1":[1,0],"2":[1,0],"3":[1,0],"4":[1,0]},"_coverageSchema":"1a1c01bbd47fc00a2c39e90264f33305004495a9","hash":"2e4b87a76ff47e9a1fa2b17d889e30dd37953d0d"}
,"C:\\Users\\Anish\\Desktop\\waether-dashboard\\server\\controllers\\authController.js": {"path":"C:\\Users\\Anish\\Desktop\\waether-dashboard\\server\\controllers\\authController.js","statementMap":{"0":{"start":{"line":1,"column":20},"end":{"line":1,"column":54}},"1":{"start":{"line":2,"column":21},"end":{"line":2,"column":58}},"2":{"start":{"line":5,"column":26},"end":{"line":25,"column":1}},"3":{"start":{"line":6,"column":26},"end":{"line":6,"column":30}},"4":{"start":{"line":8,"column":24},"end":{"line":15,"column":3}},"5":{"start":{"line":17,"column":2},"end":{"line":24,"column":7}},"6":{"start":{"line":30,"column":0},"end":{"line":34,"column":3}},"7":{"start":{"line":31,"column":36},"end":{"line":31,"column":44}},"8":{"start":{"line":32,"column":17},"end":{"line":32,"column":66}},"9":{"start":{"line":33,"column":2},"end":{"line":33,"column":38}},"10":{"start":{"line":39,"column":0},"end":{"line":43,"column":3}},"11":{"start":{"line":40,"column":30},"end":{"line":40,"column":38}},"12":{"start":{"line":41,"column":17},"end":{"line":41,"column":57}},"13":{"start":{"line":42,"column":2},"end":{"line":42,"column":38}},"14":{"start":{"line":48,"column":0},"end":{"line":60,"column":3}},"15":{"start":{"line":49,"column":2},"end":{"line":54,"column":5}},"16":{"start":{"line":56,"column":2},"end":{"line":59,"column":5}},"17":{"start":{"line":65,"column":0},"end":{"line":70,"column":3}},"18":{"start":{"line":66,"column":2},"end":{"line":69,"column":5}}},"fnMap":{"0":{"name":"(anonymous_0)","decl":{"start":{"line":5,"column":26},"end":{"line":5,"column":27}},"loc":{"start":{"line":5,"column":59},"end":{"line":25,"column":1}},"line":5},"1":{"name":"(anonymous_1)","decl":{"start":{"line":30,"column":32},"end":{"line":30,"column":33}},"loc":{"start":{"line":30,"column":58},"end":{"line":34,"column":1}},"line":30},"2":{"name":"(anonymous_2)","decl":{"start":{"line":39,"column":29},"end":{"line":39,"column":30}},"loc":{"start":{"line":39,"column":55},"end":{"line":43,"column":1}},"line":39},"3":{"name":"(anonymous_3)","decl":{"start":{"line":48,"column":30},"end":{"line":48,"column":31}},"loc":{"start":{"line":48,"column":56},"end":{"line":60,"column":1}},"line":48},"4":{"name":"(anonymous_4)","decl":{"start":{"line":65,"column":29},"end":{"line":65,"column":30}},"loc":{"start":{"line":65,"column":55},"end":{"line":70,"column":1}},"line":65}},"branchMap":{"0":{"loc":{"start":{"line":5,"column":38},"end":{"line":5,"column":54}},"type":"default-arg","locations":[{"start":{"line":5,"column":51},"end":{"line":5,"column":54}}],"line":5},"1":{"loc":{"start":{"line":14,"column":14},"end":{"line":14,"column":68}},"type":"cond-expr","locations":[{"start":{"line":14,"column":54},"end":{"line":14,"column":60}},{"start":{"line":14,"column":63},"end":{"line":14,"column":68}}],"line":14},"2":{"loc":{"start":{"line":53,"column":14},"end":{"line":53,"column":68}},"type":"cond-expr","locations":[{"start":{"line":53,"column":54},"end":{"line":53,"column":60}},{"start":{"line":53,"column":63},"end":{"line":53,"column":68}}],"line":53}},"s":{"0":1,"1":1,"2":1,"3":3,"4":3,"5":3,"6":1,"7":2,"8":2,"9":2,"10":1,"11":2,"12":2,"13":1,"14":1,"15":0,"16":0,"17":1,"18":0},"f":{"0":3,"1":2,"2":2,"3":0,"4":0},"b":{"0":[0],"1":[0,3],"2":[0,0]},"_coverageSchema":"1a1c01bbd47fc00a2c39e90264f33305004495a9","hash":"cbb2e64a1c4919074bb10bded6ee27a32995116c"}
,"C:\\Users\\Anish\\Desktop\\waether-dashboard\\server\\controllers\\noteController.js": {"path":"C:\\Users\\Anish\\Desktop\\waether-dashboard\\server\\controllers\\noteController.js","statementMap":{"0":{"start":{"line":1,"column":20},"end":{"line":1,"column":54}},"1":{"start":{"line":2,"column":21},"end":{"line":2,"column":58}},"2":{"start":{"line":7,"column":0},"end":{"line":13,"column":3}},"3":{"start":{"line":8,"column":15},"end":{"line":8,"column":54}},"4":{"start":{"line":9,"column":2},"end":{"line":12,"column":5}},"5":{"start":{"line":18,"column":0},"end":{"line":25,"column":3}},"6":{"start":{"line":19,"column":19},"end":{"line":19,"column":27}},"7":{"start":{"line":20,"column":15},"end":{"line":20,"column":67}},"8":{"start":{"line":21,"column":2},"end":{"line":24,"column":5}},"9":{"start":{"line":30,"column":0},"end":{"line":37,"column":3}},"10":{"start":{"line":31,"column":19},"end":{"line":31,"column":27}},"11":{"start":{"line":32,"column":15},"end":{"line":32,"column":67}},"12":{"start":{"line":33,"column":2},"end":{"line":36,"column":5}}},"fnMap":{"0":{"name":"(anonymous_0)","decl":{"start":{"line":7,"column":31},"end":{"line":7,"column":32}},"loc":{"start":{"line":7,"column":57},"end":{"line":13,"column":1}},"line":7},"1":{"name":"(anonymous_1)","decl":{"start":{"line":18,"column":32},"end":{"line":18,"column":33}},"loc":{"start":{"line":18,"column":58},"end":{"line":25,"column":1}},"line":18},"2":{"name":"(anonymous_2)","decl":{"start":{"line":30,"column":34},"end":{"line":30,"column":35}},"loc":{"start":{"line":30,"column":60},"end":{"line":37,"column":1}},"line":30}},"branchMap":{"0":{"loc":{"start":{"line":20,"column":56},"end":{"line":20,"column":66}},"type":"binary-expr","locations":[{"start":{"line":20,"column":56},"end":{"line":20,"column":60}},{"start":{"line":20,"column":64},"end":{"line":20,"column":66}}],"line":20},"1":{"loc":{"start":{"line":32,"column":56},"end":{"line":32,"column":66}},"type":"binary-expr","locations":[{"start":{"line":32,"column":56},"end":{"line":32,"column":60}},{"start":{"line":32,"column":64},"end":{"line":32,"column":66}}],"line":32}},"s":{"0":1,"1":1,"2":1,"3":0,"4":0,"5":1,"6":0,"7":0,"8":0,"9":1,"10":0,"11":0,"12":0},"f":{"0":0,"1":0,"2":0},"b":{"0":[0,0],"1":[0,0]},"_coverageSchema":"1a1c01bbd47fc00a2c39e90264f33305004495a9","hash":"c0268e8ae9c96d7d1decd9d9e498224d7f35add1"}
,"C:\\Users\\Anish\\Desktop\\waether-dashboard\\server\\controllers\\settingsController.js": {"path":"C:\\Users\\Anish\\Desktop\\waether-dashboard\\server\\controllers\\settingsController.js","statementMap":{"0":{"start":{"line":1,"column":24},"end":{"line":1,"column":62}},"1":{"start":{"line":2,"column":21},"end":{"line":2,"column":58}},"2":{"start":{"line":7,"column":0},"end":{"line":13,"column":3}},"3":{"start":{"line":8,"column":19},"end":{"line":8,"column":66}},"4":{"start":{"line":9,"column":2},"end":{"line":12,"column":5}},"5":{"start":{"line":18,"column":0},"end":{"line":24,"column":3}},"6":{"start":{"line":19,"column":19},"end":{"line":19,"column":79}},"7":{"start":{"line":20,"column":2},"end":{"line":23,"column":5}}},"fnMap":{"0":{"name":"(anonymous_0)","decl":{"start":{"line":7,"column":35},"end":{"line":7,"column":36}},"loc":{"start":{"line":7,"column":61},"end":{"line":13,"column":1}},"line":7},"1":{"name":"(anonymous_1)","decl":{"start":{"line":18,"column":38},"end":{"line":18,"column":39}},"loc":{"start":{"line":18,"column":64},"end":{"line":24,"column":1}},"line":18}},"branchMap":{},"s":{"0":1,"1":1,"2":1,"3":0,"4":0,"5":1,"6":0,"7":0},"f":{"0":0,"1":0},"b":{},"_coverageSchema":"1a1c01bbd47fc00a2c39e90264f33305004495a9","hash":"143ef9c84714adf0b04f708d81af88983034c860"}
,"C:\\Users\\Anish\\Desktop\\waether-dashboard\\server\\controllers\\taskController.js": {"path":"C:\\Users\\Anish\\Desktop\\waether-dashboard\\server\\controllers\\taskController.js","statementMap":{"0":{"start":{"line":1,"column":20},"end":{"line":1,"column":54}},"1":{"start":{"line":2,"column":21},"end":{"line":2,"column":58}},"2":{"start":{"line":7,"column":0},"end":{"line":13,"column":3}},"3":{"start":{"line":8,"column":16},"end":{"line":8,"column":56}},"4":{"start":{"line":9,"column":2},"end":{"line":12,"column":5}},"5":{"start":{"line":18,"column":0},"end":{"line":25,"column":3}},"6":{"start":{"line":19,"column":29},"end":{"line":19,"column":37}},"7":{"start":{"line":20,"column":15},"end":{"line":20,"column":73}},"8":{"start":{"line":21,"column":2},"end":{"line":24,"column":5}},"9":{"start":{"line":30,"column":0},"end":{"line":36,"column":3}},"10":{"start":{"line":31,"column":15},"end":{"line":31,"column":82}},"11":{"start":{"line":32,"column":2},"end":{"line":35,"column":5}},"12":{"start":{"line":41,"column":0},"end":{"line":47,"column":3}},"13":{"start":{"line":42,"column":17},"end":{"line":42,"column":74}},"14":{"start":{"line":43,"column":2},"end":{"line":46,"column":5}}},"fnMap":{"0":{"name":"(anonymous_0)","decl":{"start":{"line":7,"column":32},"end":{"line":7,"column":33}},"loc":{"start":{"line":7,"column":58},"end":{"line":13,"column":1}},"line":7},"1":{"name":"(anonymous_1)","decl":{"start":{"line":18,"column":34},"end":{"line":18,"column":35}},"loc":{"start":{"line":18,"column":60},"end":{"line":25,"column":1}},"line":18},"2":{"name":"(anonymous_2)","decl":{"start":{"line":30,"column":34},"end":{"line":30,"column":35}},"loc":{"start":{"line":30,"column":60},"end":{"line":36,"column":1}},"line":30},"3":{"name":"(anonymous_3)","decl":{"start":{"line":41,"column":34},"end":{"line":41,"column":35}},"loc":{"start":{"line":41,"column":60},"end":{"line":47,"column":1}},"line":41}},"branchMap":{},"s":{"0":1,"1":1,"2":1,"3":0,"4":0,"5":1,"6":0,"7":0,"8":0,"9":1,"10":0,"11":0,"12":1,"13":0,"14":0},"f":{"0":0,"1":0,"2":0,"3":0},"b":{},"_coverageSchema":"1a1c01bbd47fc00a2c39e90264f33305004495a9","hash":"125b6d8182491a6f01f466c1d7bde25412745f3d"}
,"C:\\Users\\Anish\\Desktop\\waether-dashboard\\server\\controllers\\weatherController.js": {"path":"C:\\Users\\Anish\\Desktop\\waether-dashboard\\server\\controllers\\weatherController.js","statementMap":{"0":{"start":{"line":1,"column":23},"end":{"line":1,"column":60}},"1":{"start":{"line":2,"column":21},"end":{"line":2,"column":58}},"2":{"start":{"line":3,"column":28},"end":{"line":3,"column":54}},"3":{"start":{"line":8,"column":0},"end":{"line":27,"column":3}},"4":{"start":{"line":9,"column":19},"end":{"line":9,"column":28}},"5":{"start":{"line":11,"column":2},"end":{"line":13,"column":3}},"6":{"start":{"line":12,"column":4},"end":{"line":12,"column":67}},"7":{"start":{"line":16,"column":26},"end":{"line":16,"column":74}},"8":{"start":{"line":17,"column":2},"end":{"line":19,"column":3}},"9":{"start":{"line":18,"column":4},"end":{"line":18,"column":141}},"10":{"start":{"line":21,"column":18},"end":{"line":21,"column":76}},"11":{"start":{"line":23,"column":2},"end":{"line":26,"column":5}}},"fnMap":{"0":{"name":"(anonymous_0)","decl":{"start":{"line":8,"column":41},"end":{"line":8,"column":42}},"loc":{"start":{"line":8,"column":67},"end":{"line":27,"column":1}},"line":8}},"branchMap":{"0":{"loc":{"start":{"line":11,"column":2},"end":{"line":13,"column":3}},"type":"if","locations":[{"start":{"line":11,"column":2},"end":{"line":13,"column":3}},{"start":{},"end":{}}],"line":11},"1":{"loc":{"start":{"line":17,"column":2},"end":{"line":19,"column":3}},"type":"if","locations":[{"start":{"line":17,"column":2},"end":{"line":19,"column":3}},{"start":{},"end":{}}],"line":17}},"s":{"0":1,"1":1,"2":1,"3":1,"4":0,"5":0,"6":0,"7":0,"8":0,"9":0,"10":0,"11":0},"f":{"0":0},"b":{"0":[0,0],"1":[0,0]},"_coverageSchema":"1a1c01bbd47fc00a2c39e90264f33305004495a9","hash":"4669f705de5bb89f2309d105dc29f8222d1ba600"}
,"C:\\Users\\Anish\\Desktop\\waether-dashboard\\server\\middleware\\asyncHandler.js": {"path":"C:\\Users\\Anish\\Desktop\\waether-dashboard\\server\\middleware\\asyncHandler.js","statementMap":{"0":{"start":{"line":1,"column":21},"end":{"line":3,"column":1}},"1":{"start":{"line":1,"column":27},"end":{"line":3,"column":1}},"2":{"start":{"line":2,"column":2},"end":{"line":2,"column":50}},"3":{"start":{"line":5,"column":0},"end":{"line":5,"column":30}}},"fnMap":{"0":{"name":"(anonymous_0)","decl":{"start":{"line":1,"column":21},"end":{"line":1,"column":22}},"loc":{"start":{"line":1,"column":27},"end":{"line":3,"column":1}},"line":1},"1":{"name":"(anonymous_1)","decl":{"start":{"line":1,"column":27},"end":{"line":1,"column":28}},"loc":{"start":{"line":1,"column":47},"end":{"line":3,"column":1}},"line":1}},"branchMap":{},"s":{"0":1,"1":15,"2":4,"3":1},"f":{"0":15,"1":4},"b":{},"_coverageSchema":"1a1c01bbd47fc00a2c39e90264f33305004495a9","hash":"6485aa581e8df6e00088590b4dc00397f2f7cc5e"}
,"C:\\Users\\Anish\\Desktop\\waether-dashboard\\server\\middleware\\auth.js": {"path":"C:\\Users\\Anish\\Desktop\\waether-dashboard\\server\\middleware\\auth.js","statementMap":{"0":{"start":{"line":1,"column":13},"end":{"line":1,"column":38}},"1":{"start":{"line":2,"column":16},"end":{"line":2,"column":44}},"2":{"start":{"line":3,"column":13},"end":{"line":3,"column":38}},"3":{"start":{"line":4,"column":21},"end":{"line":4,"column":46}},"4":{"start":{"line":6,"column":16},"end":{"line":24,"column":2}},"5":{"start":{"line":8,"column":13},"end":{"line":8,"column":62}},"6":{"start":{"line":10,"column":2},"end":{"line":20,"column":3}},"7":{"start":{"line":11,"column":4},"end":{"line":15,"column":7}},"8":{"start":{"line":18,"column":4},"end":{"line":18,"column":45}},"9":{"start":{"line":19,"column":4},"end":{"line":19,"column":52}},"10":{"start":{"line":22,"column":2},"end":{"line":22,"column":18}},"11":{"start":{"line":23,"column":2},"end":{"line":23,"column":9}},"12":{"start":{"line":26,"column":0},"end":{"line":26,"column":29}}},"fnMap":{"0":{"name":"(anonymous_0)","decl":{"start":{"line":6,"column":29},"end":{"line":6,"column":30}},"loc":{"start":{"line":6,"column":55},"end":{"line":24,"column":1}},"line":6}},"branchMap":{"0":{"loc":{"start":{"line":10,"column":2},"end":{"line":20,"column":3}},"type":"if","locations":[{"start":{"line":10,"column":2},"end":{"line":20,"column":3}},{"start":{},"end":{}}],"line":10}},"s":{"0":1,"1":1,"2":1,"3":1,"4":1,"5":0,"6":0,"7":0,"8":0,"9":0,"10":0,"11":0,"12":1},"f":{"0":0},"b":{"0":[0,0]},"_coverageSchema":"1a1c01bbd47fc00a2c39e90264f33305004495a9","hash":"fc72b6e5cd15b87eb15df4469b005e86391692ff"}
,"C:\\Users\\Anish\\Desktop\\waether-dashboard\\server\\middleware\\errorHandler.js": {"path":"C:\\Users\\Anish\\Desktop\\waether-dashboard\\server\\middleware\\errorHandler.js","statementMap":{"0":{"start":{"line":1,"column":15},"end":{"line":1,"column":41}},"1":{"start":{"line":3,"column":21},"end":{"line":52,"column":1}},"2":{"start":{"line":4,"column":14},"end":{"line":4,"column":24}},"3":{"start":{"line":5,"column":2},"end":{"line":5,"column":30}},"4":{"start":{"line":6,"column":2},"end":{"line":6,"column":43}},"5":{"start":{"line":7,"column":2},"end":{"line":7,"column":39}},"6":{"start":{"line":10,"column":2},"end":{"line":10,"column":106}},"7":{"start":{"line":11,"column":2},"end":{"line":13,"column":3}},"8":{"start":{"line":12,"column":4},"end":{"line":12,"column":28}},"9":{"start":{"line":16,"column":2},"end":{"line":19,"column":3}},"10":{"start":{"line":17,"column":4},"end":{"line":17,"column":65}},"11":{"start":{"line":18,"column":4},"end":{"line":18,"column":27}},"12":{"start":{"line":22,"column":2},"end":{"line":25,"column":3}},"13":{"start":{"line":23,"column":4},"end":{"line":23,"column":52}},"14":{"start":{"line":24,"column":4},"end":{"line":24,"column":27}},"15":{"start":{"line":28,"column":2},"end":{"line":31,"column":3}},"16":{"start":{"line":29,"column":4},"end":{"line":29,"column":81}},"17":{"start":{"line":29,"column":57},"end":{"line":29,"column":68}},"18":{"start":{"line":30,"column":4},"end":{"line":30,"column":27}},"19":{"start":{"line":34,"column":2},"end":{"line":37,"column":3}},"20":{"start":{"line":35,"column":4},"end":{"line":35,"column":51}},"21":{"start":{"line":36,"column":4},"end":{"line":36,"column":27}},"22":{"start":{"line":39,"column":2},"end":{"line":42,"column":3}},"23":{"start":{"line":40,"column":4},"end":{"line":40,"column":51}},"24":{"start":{"line":41,"column":4},"end":{"line":41,"column":27}},"25":{"start":{"line":44,"column":2},"end":{"line":51,"column":5}},"26":{"start":{"line":54,"column":0},"end":{"line":54,"column":30}}},"fnMap":{"0":{"name":"(anonymous_0)","decl":{"start":{"line":3,"column":21},"end":{"line":3,"column":22}},"loc":{"start":{"line":3,"column":46},"end":{"line":52,"column":1}},"line":3},"1":{"name":"(anonymous_1)","decl":{"start":{"line":29,"column":50},"end":{"line":29,"column":51}},"loc":{"start":{"line":29,"column":57},"end":{"line":29,"column":68}},"line":29}},"branchMap":{"0":{"loc":{"start":{"line":6,"column":21},"end":{"line":6,"column":42}},"type":"binary-expr","locations":[{"start":{"line":6,"column":21},"end":{"line":6,"column":35}},{"start":{"line":6,"column":39},"end":{"line":6,"column":42}}],"line":6},"1":{"loc":{"start":{"line":7,"column":17},"end":{"line":7,"column":38}},"type":"binary-expr","locations":[{"start":{"line":7,"column":17},"end":{"line":7,"column":27}},{"start":{"line":7,"column":31},"end":{"line":7,"column":38}}],"line":7},"2":{"loc":{"start":{"line":11,"column":2},"end":{"line":13,"column":3}},"type":"if","locations":[{"start":{"line":11,"column":2},"end":{"line":13,"column":3}},{"start":{},"end":{}}],"line":11},"3":{"loc":{"start":{"line":16,"column":2},"end":{"line":19,"column":3}},"type":"if","locations":[{"start":{"line":16,"column":2},"end":{"line":19,"column":3}},{"start":{},"end":{}}],"line":16},"4":{"loc":{"start":{"line":22,"column":2},"end":{"line":25,"column":3}},"type":"if","locations":[{"start":{"line":22,"column":2},"end":{"line":25,"column":3}},{"start":{},"end":{}}],"line":22},"5":{"loc":{"start":{"line":28,"column":2},"end":{"line":31,"column":3}},"type":"if","locations":[{"start":{"line":28,"column":2},"end":{"line":31,"column":3}},{"start":{},"end":{}}],"line":28},"6":{"loc":{"start":{"line":34,"column":2},"end":{"line":37,"column":3}},"type":"if","locations":[{"start":{"line":34,"column":2},"end":{"line":37,"column":3}},{"start":{},"end":{}}],"line":34},"7":{"loc":{"start":{"line":39,"column":2},"end":{"line":42,"column":3}},"type":"if","locations":[{"start":{"line":39,"column":2},"end":{"line":42,"column":3}},{"start":{},"end":{}}],"line":39},"8":{"loc":{"start":{"line":47,"column":15},"end":{"line":47,"column":46}},"type":"binary-expr","locations":[{"start":{"line":47,"column":15},"end":{"line":47,"column":28}},{"start":{"line":47,"column":32},"end":{"line":47,"column":46}}],"line":47}},"s":{"0":1,"1":1,"2":1,"3":1,"4":1,"5":1,"6":1,"7":1,"8":0,"9":1,"10":0,"11":0,"12":1,"13":0,"14":0,"15":1,"16":0,"17":0,"18":0,"19":1,"20":0,"21":0,"22":1,"23":0,"24":0,"25":1,"26":1},"f":{"0":1,"1":0},"b":{"0":[1,0],"1":[1,0],"2":[0,1],"3":[0,1],"4":[0,1],"5":[0,1],"6":[0,1],"7":[0,1],"8":[1,0]},"_coverageSchema":"1a1c01bbd47fc00a2c39e90264f33305004495a9","hash":"8937c2a90f1ae4f66d4f0fa3a7dfc00f729a8492"}
,"C:\\Users\\Anish\\Desktop\\waether-dashboard\\server\\middleware\\rateLimiter.js": {"path":"C:\\Users\\Anish\\Desktop\\waether-dashboard\\server\\middleware\\rateLimiter.js","statementMap":{"0":{"start":{"line":1,"column":18},"end":{"line":1,"column":47}},"1":{"start":{"line":3,"column":16},"end":{"line":15,"column":2}},"2":{"start":{"line":17,"column":0},"end":{"line":17,"column":25}}},"fnMap":{},"branchMap":{},"s":{"0":1,"1":1,"2":1},"f":{},"b":{},"_coverageSchema":"1a1c01bbd47fc00a2c39e90264f33305004495a9","hash":"793f1079c11bc41542827f81ef2d3b58374f5ebd"}
,"C:\\Users\\Anish\\Desktop\\waether-dashboard\\server\\middleware\\validate.js": {"path":"C:\\Users\\Anish\\Desktop\\waether-dashboard\\server\\middleware\\validate.js","statementMap":{"0":{"start":{"line":1,"column":17},"end":{"line":17,"column":1}},"1":{"start":{"line":1,"column":48},"end":{"line":17,"column":1}},"2":{"start":{"line":2,"column":27},"end":{"line":5,"column":4}},"3":{"start":{"line":7,"column":2},"end":{"line":12,"column":3}},"4":{"start":{"line":8,"column":20},"end":{"line":8,"column":74}},"5":{"start":{"line":8,"column":48},"end":{"line":8,"column":62}},"6":{"start":{"line":9,"column":16},"end":{"line":9,"column":34}},"7":{"start":{"line":10,"column":4},"end":{"line":10,"column":25}},"8":{"start":{"line":11,"column":4},"end":{"line":11,"column":21}},"9":{"start":{"line":15,"column":2},"end":{"line":15,"column":24}},"10":{"start":{"line":16,"column":2},"end":{"line":16,"column":9}},"11":{"start":{"line":19,"column":0},"end":{"line":19,"column":26}}},"fnMap":{"0":{"name":"(anonymous_0)","decl":{"start":{"line":1,"column":17},"end":{"line":1,"column":18}},"loc":{"start":{"line":1,"column":48},"end":{"line":17,"column":1}},"line":1},"1":{"name":"(anonymous_1)","decl":{"start":{"line":1,"column":48},"end":{"line":1,"column":49}},"loc":{"start":{"line":1,"column":68},"end":{"line":17,"column":1}},"line":1},"2":{"name":"(anonymous_2)","decl":{"start":{"line":8,"column":38},"end":{"line":8,"column":39}},"loc":{"start":{"line":8,"column":48},"end":{"line":8,"column":62}},"line":8}},"branchMap":{"0":{"loc":{"start":{"line":1,"column":26},"end":{"line":1,"column":43}},"type":"default-arg","locations":[{"start":{"line":1,"column":37},"end":{"line":1,"column":43}}],"line":1},"1":{"loc":{"start":{"line":7,"column":2},"end":{"line":12,"column":3}},"type":"if","locations":[{"start":{"line":7,"column":2},"end":{"line":12,"column":3}},{"start":{},"end":{}}],"line":7}},"s":{"0":1,"1":6,"2":4,"3":4,"4":0,"5":0,"6":0,"7":0,"8":0,"9":4,"10":4,"11":1},"f":{"0":6,"1":4,"2":0},"b":{"0":[6],"1":[0,4]},"_coverageSchema":"1a1c01bbd47fc00a2c39e90264f33305004495a9","hash":"ccc169bcc07a472402c9d37558f9f3f3fe2729a5"}
,"C:\\Users\\Anish\\Desktop\\waether-dashboard\\server\\models\\Note.js": {"path":"C:\\Users\\Anish\\Desktop\\waether-dashboard\\server\\models\\Note.js","statementMap":{"0":{"start":{"line":1,"column":17},"end":{"line":1,"column":36}},"1":{"start":{"line":3,"column":19},"end":{"line":20,"column":1}},"2":{"start":{"line":22,"column":0},"end":{"line":22,"column":52}}},"fnMap":{},"branchMap":{},"s":{"0":1,"1":1,"2":1},"f":{},"b":{},"_coverageSchema":"1a1c01bbd47fc00a2c39e90264f33305004495a9","hash":"3c9c1368a68ebb72229dd19f43a6e4704d2f095c"}
,"C:\\Users\\Anish\\Desktop\\waether-dashboard\\server\\models\\Setting.js": {"path":"C:\\Users\\Anish\\Desktop\\waether-dashboard\\server\\models\\Setting.js","statementMap":{"0":{"start":{"line":1,"column":17},"end":{"line":1,"column":36}},"1":{"start":{"line":3,"column":22},"end":{"line":28,"column":1}},"2":{"start":{"line":30,"column":0},"end":{"line":30,"column":58}}},"fnMap":{},"branchMap":{},"s":{"0":1,"1":1,"2":1},"f":{},"b":{},"_coverageSchema":"1a1c01bbd47fc00a2c39e90264f33305004495a9","hash":"df7eacaf75bd842bb84c42fb8e544886084042e8"}
,"C:\\Users\\Anish\\Desktop\\waether-dashboard\\server\\models\\Task.js": {"path":"C:\\Users\\Anish\\Desktop\\waether-dashboard\\server\\models\\Task.js","statementMap":{"0":{"start":{"line":1,"column":17},"end":{"line":1,"column":36}},"1":{"start":{"line":3,"column":19},"end":{"line":30,"column":1}},"2":{"start":{"line":32,"column":0},"end":{"line":32,"column":52}}},"fnMap":{},"branchMap":{},"s":{"0":1,"1":1,"2":1},"f":{},"b":{},"_coverageSchema":"1a1c01bbd47fc00a2c39e90264f33305004495a9","hash":"fd1f62af47f31fffbb8166be09d322f444a3bc6b"}
,"C:\\Users\\Anish\\Desktop\\waether-dashboard\\server\\models\\User.js": {"path":"C:\\Users\\Anish\\Desktop\\waether-dashboard\\server\\models\\User.js","statementMap":{"0":{"start":{"line":1,"column":17},"end":{"line":1,"column":36}},"1":{"start":{"line":2,"column":15},"end":{"line":2,"column":34}},"2":{"start":{"line":4,"column":19},"end":{"line":32,"column":1}},"3":{"start":{"line":35,"column":0},"end":{"line":41,"column":3}},"4":{"start":{"line":36,"column":2},"end":{"line":38,"column":3}},"5":{"start":{"line":37,"column":4},"end":{"line":37,"column":11}},"6":{"start":{"line":39,"column":15},"end":{"line":39,"column":39}},"7":{"start":{"line":40,"column":2},"end":{"line":40,"column":57}},"8":{"start":{"line":44,"column":0},"end":{"line":46,"column":2}},"9":{"start":{"line":45,"column":2},"end":{"line":45,"column":62}},"10":{"start":{"line":48,"column":0},"end":{"line":48,"column":52}}},"fnMap":{"0":{"name":"(anonymous_0)","decl":{"start":{"line":35,"column":23},"end":{"line":35,"column":24}},"loc":{"start":{"line":35,"column":45},"end":{"line":41,"column":1}},"line":35},"1":{"name":"(anonymous_1)","decl":{"start":{"line":44,"column":35},"end":{"line":44,"column":36}},"loc":{"start":{"line":44,"column":68},"end":{"line":46,"column":1}},"line":44}},"branchMap":{"0":{"loc":{"start":{"line":36,"column":2},"end":{"line":38,"column":3}},"type":"if","locations":[{"start":{"line":36,"column":2},"end":{"line":38,"column":3}},{"start":{},"end":{}}],"line":36}},"s":{"0":1,"1":1,"2":1,"3":1,"4":2,"5":0,"6":2,"7":2,"8":1,"9":1,"10":1},"f":{"0":2,"1":1},"b":{"0":[0,2]},"_coverageSchema":"1a1c01bbd47fc00a2c39e90264f33305004495a9","hash":"3ddb355d74f9e86d664fc669b5e25c1184167718"}
,"C:\\Users\\Anish\\Desktop\\waether-dashboard\\server\\models\\Weather.js": {"path":"C:\\Users\\Anish\\Desktop\\waether-dashboard\\server\\models\\Weather.js","statementMap":{"0":{"start":{"line":1,"column":17},"end":{"line":1,"column":36}},"1":{"start":{"line":3,"column":22},"end":{"line":24,"column":1}},"2":{"start":{"line":26,"column":0},"end":{"line":26,"column":58}}},"fnMap":{},"branchMap":{},"s":{"0":1,"1":1,"2":1},"f":{},"b":{},"_coverageSchema":"1a1c01bbd47fc00a2c39e90264f33305004495a9","hash":"cf867e35f7842a5dee84189b367782752682b939"}
,"C:\\Users\\Anish\\Desktop\\waether-dashboard\\server\\routes\\authRoutes.js": {"path":"C:\\Users\\Anish\\Desktop\\waether-dashboard\\server\\routes\\authRoutes.js","statementMap":{"0":{"start":{"line":1,"column":16},"end":{"line":1,"column":34}},"1":{"start":{"line":2,"column":15},"end":{"line":2,"column":31}},"2":{"start":{"line":3,"column":23},"end":{"line":3,"column":63}},"3":{"start":{"line":4,"column":17},"end":{"line":4,"column":50}},"4":{"start":{"line":5,"column":40},"end":{"line":5,"column":78}},"5":{"start":{"line":6,"column":20},"end":{"line":6,"column":49}},"6":{"start":{"line":8,"column":0},"end":{"line":8,"column":76}},"7":{"start":{"line":9,"column":0},"end":{"line":9,"column":67}},"8":{"start":{"line":10,"column":0},"end":{"line":10,"column":45}},"9":{"start":{"line":11,"column":0},"end":{"line":11,"column":49}},"10":{"start":{"line":13,"column":0},"end":{"line":13,"column":24}}},"fnMap":{},"branchMap":{},"s":{"0":1,"1":1,"2":1,"3":1,"4":1,"5":1,"6":1,"7":1,"8":1,"9":1,"10":1},"f":{},"b":{},"_coverageSchema":"1a1c01bbd47fc00a2c39e90264f33305004495a9","hash":"542cc86b5d923ad2de7cf9a86ad1677e9d6c33ff"}
,"C:\\Users\\Anish\\Desktop\\waether-dashboard\\server\\routes\\index.js": {"path":"C:\\Users\\Anish\\Desktop\\waether-dashboard\\server\\routes\\index.js","statementMap":{"0":{"start":{"line":1,"column":16},"end":{"line":1,"column":34}},"1":{"start":{"line":2,"column":15},"end":{"line":2,"column":31}},"2":{"start":{"line":4,"column":19},"end":{"line":4,"column":42}},"3":{"start":{"line":5,"column":22},"end":{"line":5,"column":48}},"4":{"start":{"line":6,"column":19},"end":{"line":6,"column":42}},"5":{"start":{"line":7,"column":19},"end":{"line":7,"column":42}},"6":{"start":{"line":8,"column":23},"end":{"line":8,"column":50}},"7":{"start":{"line":11,"column":0},"end":{"line":11,"column":32}},"8":{"start":{"line":12,"column":0},"end":{"line":12,"column":38}},"9":{"start":{"line":13,"column":0},"end":{"line":13,"column":33}},"10":{"start":{"line":14,"column":0},"end":{"line":14,"column":33}},"11":{"start":{"line":15,"column":0},"end":{"line":15,"column":40}},"12":{"start":{"line":17,"column":0},"end":{"line":17,"column":24}}},"fnMap":{},"branchMap":{},"s":{"0":1,"1":1,"2":1,"3":1,"4":1,"5":1,"6":1,"7":1,"8":1,"9":1,"10":1,"11":1,"12":1},"f":{},"b":{},"_coverageSchema":"1a1c01bbd47fc00a2c39e90264f33305004495a9","hash":"cb6c0d445afc1f7cd81aad3a393fc88ea09c27b3"}
,"C:\\Users\\Anish\\Desktop\\waether-dashboard\\server\\routes\\noteRoutes.js": {"path":"C:\\Users\\Anish\\Desktop\\waether-dashboard\\server\\routes\\noteRoutes.js","statementMap":{"0":{"start":{"line":1,"column":16},"end":{"line":1,"column":34}},"1":{"start":{"line":2,"column":15},"end":{"line":2,"column":31}},"2":{"start":{"line":3,"column":23},"end":{"line":3,"column":63}},"3":{"start":{"line":4,"column":17},"end":{"line":4,"column":50}},"4":{"start":{"line":5,"column":27},"end":{"line":5,"column":65}},"5":{"start":{"line":6,"column":20},"end":{"line":6,"column":49}},"6":{"start":{"line":8,"column":0},"end":{"line":8,"column":20}},"7":{"start":{"line":10,"column":0},"end":{"line":12,"column":59}},"8":{"start":{"line":14,"column":0},"end":{"line":15,"column":60}},"9":{"start":{"line":17,"column":0},"end":{"line":17,"column":24}}},"fnMap":{},"branchMap":{},"s":{"0":1,"1":1,"2":1,"3":1,"4":1,"5":1,"6":1,"7":1,"8":1,"9":1},"f":{},"b":{},"_coverageSchema":"1a1c01bbd47fc00a2c39e90264f33305004495a9","hash":"e75d0ff6213784c83e649bdb01fa0ecd813826a8"}
,"C:\\Users\\Anish\\Desktop\\waether-dashboard\\server\\routes\\settingsRoutes.js": {"path":"C:\\Users\\Anish\\Desktop\\waether-dashboard\\server\\routes\\settingsRoutes.js","statementMap":{"0":{"start":{"line":1,"column":16},"end":{"line":1,"column":34}},"1":{"start":{"line":2,"column":15},"end":{"line":2,"column":31}},"2":{"start":{"line":3,"column":27},"end":{"line":3,"column":71}},"3":{"start":{"line":4,"column":20},"end":{"line":4,"column":49}},"4":{"start":{"line":6,"column":0},"end":{"line":6,"column":20}},"5":{"start":{"line":8,"column":0},"end":{"line":10,"column":42}},"6":{"start":{"line":12,"column":0},"end":{"line":12,"column":24}}},"fnMap":{},"branchMap":{},"s":{"0":1,"1":1,"2":1,"3":1,"4":1,"5":1,"6":1},"f":{},"b":{},"_coverageSchema":"1a1c01bbd47fc00a2c39e90264f33305004495a9","hash":"a400efb9d0f26a00bb96a8a16676f6e1ebac5620"}
,"C:\\Users\\Anish\\Desktop\\waether-dashboard\\server\\routes\\taskRoutes.js": {"path":"C:\\Users\\Anish\\Desktop\\waether-dashboard\\server\\routes\\taskRoutes.js","statementMap":{"0":{"start":{"line":1,"column":16},"end":{"line":1,"column":34}},"1":{"start":{"line":2,"column":15},"end":{"line":2,"column":31}},"2":{"start":{"line":3,"column":23},"end":{"line":3,"column":63}},"3":{"start":{"line":4,"column":17},"end":{"line":4,"column":50}},"4":{"start":{"line":5,"column":47},"end":{"line":5,"column":85}},"5":{"start":{"line":6,"column":20},"end":{"line":6,"column":49}},"6":{"start":{"line":8,"column":0},"end":{"line":8,"column":20}},"7":{"start":{"line":10,"column":0},"end":{"line":12,"column":63}},"8":{"start":{"line":14,"column":0},"end":{"line":16,"column":37}},"9":{"start":{"line":18,"column":0},"end":{"line":18,"column":24}}},"fnMap":{},"branchMap":{},"s":{"0":1,"1":1,"2":1,"3":1,"4":1,"5":1,"6":1,"7":1,"8":1,"9":1},"f":{},"b":{},"_coverageSchema":"1a1c01bbd47fc00a2c39e90264f33305004495a9","hash":"5d7203f8766827116caddb7692dca383804399b6"}
,"C:\\Users\\Anish\\Desktop\\waether-dashboard\\server\\routes\\weatherRoutes.js": {"path":"C:\\Users\\Anish\\Desktop\\waether-dashboard\\server\\routes\\weatherRoutes.js","statementMap":{"0":{"start":{"line":1,"column":16},"end":{"line":1,"column":34}},"1":{"start":{"line":2,"column":15},"end":{"line":2,"column":31}},"2":{"start":{"line":3,"column":26},"end":{"line":3,"column":69}},"3":{"start":{"line":4,"column":20},"end":{"line":4,"column":49}},"4":{"start":{"line":6,"column":0},"end":{"line":6,"column":69}},"5":{"start":{"line":8,"column":0},"end":{"line":8,"column":24}}},"fnMap":{},"branchMap":{},"s":{"0":1,"1":1,"2":1,"3":1,"4":1,"5":1},"f":{},"b":{},"_coverageSchema":"1a1c01bbd47fc00a2c39e90264f33305004495a9","hash":"7c3d7dd50714d037f7a29751ba61d9b3866604a4"}
,"C:\\Users\\Anish\\Desktop\\waether-dashboard\\server\\services\\authService.js": {"path":"C:\\Users\\Anish\\Desktop\\waether-dashboard\\server\\services\\authService.js","statementMap":{"0":{"start":{"line":1,"column":13},"end":{"line":1,"column":38}},"1":{"start":{"line":2,"column":16},"end":{"line":2,"column":44}},"2":{"start":{"line":3,"column":13},"end":{"line":3,"column":38}},"3":{"start":{"line":4,"column":12},"end":{"line":4,"column":35}},"4":{"start":{"line":5,"column":47},"end":{"line":5,"column":73}},"5":{"start":{"line":7,"column":22},"end":{"line":11,"column":1}},"6":{"start":{"line":8,"column":2},"end":{"line":10,"column":5}},"7":{"start":{"line":13,"column":17},"end":{"line":41,"column":1}},"8":{"start":{"line":15,"column":21},"end":{"line":15,"column":50}},"9":{"start":{"line":16,"column":2},"end":{"line":18,"column":3}},"10":{"start":{"line":17,"column":4},"end":{"line":17,"column":69}},"11":{"start":{"line":21,"column":15},"end":{"line":25,"column":4}},"12":{"start":{"line":28,"column":2},"end":{"line":28,"column":43}},"13":{"start":{"line":29,"column":2},"end":{"line":29,"column":50}},"14":{"start":{"line":31,"column":16},"end":{"line":31,"column":39}},"15":{"start":{"line":33,"column":2},"end":{"line":40,"column":4}},"16":{"start":{"line":43,"column":14},"end":{"line":66,"column":1}},"17":{"start":{"line":45,"column":15},"end":{"line":45,"column":64}},"18":{"start":{"line":46,"column":2},"end":{"line":48,"column":3}},"19":{"start":{"line":47,"column":4},"end":{"line":47,"column":55}},"20":{"start":{"line":51,"column":18},"end":{"line":51,"column":52}},"21":{"start":{"line":52,"column":2},"end":{"line":54,"column":3}},"22":{"start":{"line":53,"column":4},"end":{"line":53,"column":55}},"23":{"start":{"line":56,"column":16},"end":{"line":56,"column":39}},"24":{"start":{"line":58,"column":2},"end":{"line":65,"column":4}},"25":{"start":{"line":68,"column":0},"end":{"line":72,"column":2}}},"fnMap":{"0":{"name":"(anonymous_0)","decl":{"start":{"line":7,"column":22},"end":{"line":7,"column":23}},"loc":{"start":{"line":7,"column":30},"end":{"line":11,"column":1}},"line":7},"1":{"name":"(anonymous_1)","decl":{"start":{"line":13,"column":17},"end":{"line":13,"column":18}},"loc":{"start":{"line":13,"column":50},"end":{"line":41,"column":1}},"line":13},"2":{"name":"(anonymous_2)","decl":{"start":{"line":43,"column":14},"end":{"line":43,"column":15}},"loc":{"start":{"line":43,"column":41},"end":{"line":66,"column":1}},"line":43}},"branchMap":{"0":{"loc":{"start":{"line":9,"column":15},"end":{"line":9,"column":45}},"type":"binary-expr","locations":[{"start":{"line":9,"column":15},"end":{"line":9,"column":37}},{"start":{"line":9,"column":41},"end":{"line":9,"column":45}}],"line":9},"1":{"loc":{"start":{"line":16,"column":2},"end":{"line":18,"column":3}},"type":"if","locations":[{"start":{"line":16,"column":2},"end":{"line":18,"column":3}},{"start":{},"end":{}}],"line":16},"2":{"loc":{"start":{"line":46,"column":2},"end":{"line":48,"column":3}},"type":"if","locations":[{"start":{"line":46,"column":2},"end":{"line":48,"column":3}},{"start":{},"end":{}}],"line":46},"3":{"loc":{"start":{"line":52,"column":2},"end":{"line":54,"column":3}},"type":"if","locations":[{"start":{"line":52,"column":2},"end":{"line":54,"column":3}},{"start":{},"end":{}}],"line":52}},"s":{"0":1,"1":1,"2":1,"3":1,"4":1,"5":1,"6":3,"7":1,"8":2,"9":2,"10":0,"11":2,"12":2,"13":2,"14":2,"15":2,"16":1,"17":2,"18":2,"19":1,"20":1,"21":1,"22":0,"23":1,"24":1,"25":1},"f":{"0":3,"1":2,"2":2},"b":{"0":[3,0],"1":[0,2],"2":[1,1],"3":[0,1]},"_coverageSchema":"1a1c01bbd47fc00a2c39e90264f33305004495a9","hash":"578432ef9850aca15a8e299b66bab0fcacb245cf"}
,"C:\\Users\\Anish\\Desktop\\waether-dashboard\\server\\services\\noteService.js": {"path":"C:\\Users\\Anish\\Desktop\\waether-dashboard\\server\\services\\noteService.js","statementMap":{"0":{"start":{"line":1,"column":13},"end":{"line":1,"column":38}},"1":{"start":{"line":3,"column":16},"end":{"line":9,"column":1}},"2":{"start":{"line":4,"column":13},"end":{"line":4,"column":49}},"3":{"start":{"line":5,"column":2},"end":{"line":7,"column":3}},"4":{"start":{"line":6,"column":4},"end":{"line":6,"column":57}},"5":{"start":{"line":8,"column":2},"end":{"line":8,"column":14}},"6":{"start":{"line":11,"column":17},"end":{"line":19,"column":1}},"7":{"start":{"line":12,"column":13},"end":{"line":12,"column":49}},"8":{"start":{"line":13,"column":2},"end":{"line":15,"column":3}},"9":{"start":{"line":14,"column":4},"end":{"line":14,"column":38}},"10":{"start":{"line":16,"column":2},"end":{"line":16,"column":19}},"11":{"start":{"line":17,"column":2},"end":{"line":17,"column":20}},"12":{"start":{"line":18,"column":2},"end":{"line":18,"column":14}},"13":{"start":{"line":21,"column":0},"end":{"line":24,"column":2}}},"fnMap":{"0":{"name":"(anonymous_0)","decl":{"start":{"line":3,"column":16},"end":{"line":3,"column":17}},"loc":{"start":{"line":3,"column":34},"end":{"line":9,"column":1}},"line":3},"1":{"name":"(anonymous_1)","decl":{"start":{"line":11,"column":17},"end":{"line":11,"column":18}},"loc":{"start":{"line":11,"column":41},"end":{"line":19,"column":1}},"line":11}},"branchMap":{"0":{"loc":{"start":{"line":5,"column":2},"end":{"line":7,"column":3}},"type":"if","locations":[{"start":{"line":5,"column":2},"end":{"line":7,"column":3}},{"start":{},"end":{}}],"line":5},"1":{"loc":{"start":{"line":13,"column":2},"end":{"line":15,"column":3}},"type":"if","locations":[{"start":{"line":13,"column":2},"end":{"line":15,"column":3}},{"start":{},"end":{}}],"line":13}},"s":{"0":1,"1":1,"2":0,"3":0,"4":0,"5":0,"6":1,"7":0,"8":0,"9":0,"10":0,"11":0,"12":0,"13":1},"f":{"0":0,"1":0},"b":{"0":[0,0],"1":[0,0]},"_coverageSchema":"1a1c01bbd47fc00a2c39e90264f33305004495a9","hash":"7e89f538815a66de98838036ab920529dc4fae48"}
,"C:\\Users\\Anish\\Desktop\\waether-dashboard\\server\\services\\settingsService.js": {"path":"C:\\Users\\Anish\\Desktop\\waether-dashboard\\server\\services\\settingsService.js","statementMap":{"0":{"start":{"line":1,"column":16},"end":{"line":1,"column":44}},"1":{"start":{"line":3,"column":20},"end":{"line":9,"column":1}},"2":{"start":{"line":4,"column":16},"end":{"line":4,"column":55}},"3":{"start":{"line":5,"column":2},"end":{"line":7,"column":3}},"4":{"start":{"line":6,"column":4},"end":{"line":6,"column":53}},"5":{"start":{"line":8,"column":2},"end":{"line":8,"column":17}},"6":{"start":{"line":11,"column":23},"end":{"line":23,"column":1}},"7":{"start":{"line":12,"column":16},"end":{"line":12,"column":55}},"8":{"start":{"line":13,"column":2},"end":{"line":15,"column":3}},"9":{"start":{"line":14,"column":4},"end":{"line":14,"column":44}},"10":{"start":{"line":17,"column":2},"end":{"line":17,"column":65}},"11":{"start":{"line":17,"column":35},"end":{"line":17,"column":65}},"12":{"start":{"line":18,"column":2},"end":{"line":18,"column":95}},"13":{"start":{"line":18,"column":45},"end":{"line":18,"column":95}},"14":{"start":{"line":19,"column":2},"end":{"line":19,"column":83}},"15":{"start":{"line":19,"column":41},"end":{"line":19,"column":83}},"16":{"start":{"line":21,"column":2},"end":{"line":21,"column":23}},"17":{"start":{"line":22,"column":2},"end":{"line":22,"column":17}},"18":{"start":{"line":25,"column":0},"end":{"line":28,"column":2}}},"fnMap":{"0":{"name":"(anonymous_0)","decl":{"start":{"line":3,"column":20},"end":{"line":3,"column":21}},"loc":{"start":{"line":3,"column":38},"end":{"line":9,"column":1}},"line":3},"1":{"name":"(anonymous_1)","decl":{"start":{"line":11,"column":23},"end":{"line":11,"column":24}},"loc":{"start":{"line":11,"column":50},"end":{"line":23,"column":1}},"line":11}},"branchMap":{"0":{"loc":{"start":{"line":5,"column":2},"end":{"line":7,"column":3}},"type":"if","locations":[{"start":{"line":5,"column":2},"end":{"line":7,"column":3}},{"start":{},"end":{}}],"line":5},"1":{"loc":{"start":{"line":13,"column":2},"end":{"line":15,"column":3}},"type":"if","locations":[{"start":{"line":13,"column":2},"end":{"line":15,"column":3}},{"start":{},"end":{}}],"line":13},"2":{"loc":{"start":{"line":17,"column":2},"end":{"line":17,"column":65}},"type":"if","locations":[{"start":{"line":17,"column":2},"end":{"line":17,"column":65}},{"start":{},"end":{}}],"line":17},"3":{"loc":{"start":{"line":18,"column":2},"end":{"line":18,"column":95}},"type":"if","locations":[{"start":{"line":18,"column":2},"end":{"line":18,"column":95}},{"start":{},"end":{}}],"line":18},"4":{"loc":{"start":{"line":19,"column":2},"end":{"line":19,"column":83}},"type":"if","locations":[{"start":{"line":19,"column":2},"end":{"line":19,"column":83}},{"start":{},"end":{}}],"line":19}},"s":{"0":1,"1":1,"2":0,"3":0,"4":0,"5":0,"6":1,"7":0,"8":0,"9":0,"10":0,"11":0,"12":0,"13":0,"14":0,"15":0,"16":0,"17":0,"18":1},"f":{"0":0,"1":0},"b":{"0":[0,0],"1":[0,0],"2":[0,0],"3":[0,0],"4":[0,0]},"_coverageSchema":"1a1c01bbd47fc00a2c39e90264f33305004495a9","hash":"4e27d3389d12a542b8ba9dabc2b6759f5b5361fd"}
,"C:\\Users\\Anish\\Desktop\\waether-dashboard\\server\\services\\taskService.js": {"path":"C:\\Users\\Anish\\Desktop\\waether-dashboard\\server\\services\\taskService.js","statementMap":{"0":{"start":{"line":1,"column":13},"end":{"line":1,"column":38}},"1":{"start":{"line":2,"column":42},"end":{"line":2,"column":68}},"2":{"start":{"line":4,"column":17},"end":{"line":6,"column":1}},"3":{"start":{"line":5,"column":2},"end":{"line":5,"column":74}},"4":{"start":{"line":8,"column":19},"end":{"line":15,"column":1}},"5":{"start":{"line":9,"column":2},"end":{"line":14,"column":5}},"6":{"start":{"line":17,"column":19},"end":{"line":35,"column":1}},"7":{"start":{"line":18,"column":15},"end":{"line":18,"column":42}},"8":{"start":{"line":19,"column":2},"end":{"line":21,"column":3}},"9":{"start":{"line":20,"column":4},"end":{"line":20,"column":46}},"10":{"start":{"line":24,"column":2},"end":{"line":26,"column":3}},"11":{"start":{"line":25,"column":4},"end":{"line":25,"column":67}},"12":{"start":{"line":29,"column":2},"end":{"line":29,"column":59}},"13":{"start":{"line":29,"column":34},"end":{"line":29,"column":59}},"14":{"start":{"line":30,"column":2},"end":{"line":30,"column":71}},"15":{"start":{"line":30,"column":38},"end":{"line":30,"column":71}},"16":{"start":{"line":31,"column":2},"end":{"line":31,"column":74}},"17":{"start":{"line":31,"column":39},"end":{"line":31,"column":74}},"18":{"start":{"line":33,"column":2},"end":{"line":33,"column":20}},"19":{"start":{"line":34,"column":2},"end":{"line":34,"column":14}},"20":{"start":{"line":37,"column":19},"end":{"line":50,"column":1}},"21":{"start":{"line":38,"column":15},"end":{"line":38,"column":42}},"22":{"start":{"line":39,"column":2},"end":{"line":41,"column":3}},"23":{"start":{"line":40,"column":4},"end":{"line":40,"column":46}},"24":{"start":{"line":44,"column":2},"end":{"line":46,"column":3}},"25":{"start":{"line":45,"column":4},"end":{"line":45,"column":67}},"26":{"start":{"line":48,"column":2},"end":{"line":48,"column":25}},"27":{"start":{"line":49,"column":2},"end":{"line":49,"column":24}},"28":{"start":{"line":52,"column":0},"end":{"line":57,"column":2}}},"fnMap":{"0":{"name":"(anonymous_0)","decl":{"start":{"line":4,"column":17},"end":{"line":4,"column":18}},"loc":{"start":{"line":4,"column":35},"end":{"line":6,"column":1}},"line":4},"1":{"name":"(anonymous_1)","decl":{"start":{"line":8,"column":19},"end":{"line":8,"column":20}},"loc":{"start":{"line":8,"column":53},"end":{"line":15,"column":1}},"line":8},"2":{"name":"(anonymous_2)","decl":{"start":{"line":17,"column":19},"end":{"line":17,"column":20}},"loc":{"start":{"line":17,"column":54},"end":{"line":35,"column":1}},"line":17},"3":{"name":"(anonymous_3)","decl":{"start":{"line":37,"column":19},"end":{"line":37,"column":20}},"loc":{"start":{"line":37,"column":45},"end":{"line":50,"column":1}},"line":37}},"branchMap":{"0":{"loc":{"start":{"line":19,"column":2},"end":{"line":21,"column":3}},"type":"if","locations":[{"start":{"line":19,"column":2},"end":{"line":21,"column":3}},{"start":{},"end":{}}],"line":19},"1":{"loc":{"start":{"line":24,"column":2},"end":{"line":26,"column":3}},"type":"if","locations":[{"start":{"line":24,"column":2},"end":{"line":26,"column":3}},{"start":{},"end":{}}],"line":24},"2":{"loc":{"start":{"line":29,"column":2},"end":{"line":29,"column":59}},"type":"if","locations":[{"start":{"line":29,"column":2},"end":{"line":29,"column":59}},{"start":{},"end":{}}],"line":29},"3":{"loc":{"start":{"line":30,"column":2},"end":{"line":30,"column":71}},"type":"if","locations":[{"start":{"line":30,"column":2},"end":{"line":30,"column":71}},{"start":{},"end":{}}],"line":30},"4":{"loc":{"start":{"line":31,"column":2},"end":{"line":31,"column":74}},"type":"if","locations":[{"start":{"line":31,"column":2},"end":{"line":31,"column":74}},{"start":{},"end":{}}],"line":31},"5":{"loc":{"start":{"line":39,"column":2},"end":{"line":41,"column":3}},"type":"if","locations":[{"start":{"line":39,"column":2},"end":{"line":41,"column":3}},{"start":{},"end":{}}],"line":39},"6":{"loc":{"start":{"line":44,"column":2},"end":{"line":46,"column":3}},"type":"if","locations":[{"start":{"line":44,"column":2},"end":{"line":46,"column":3}},{"start":{},"end":{}}],"line":44}},"s":{"0":1,"1":1,"2":1,"3":0,"4":1,"5":0,"6":1,"7":0,"8":0,"9":0,"10":0,"11":0,"12":0,"13":0,"14":0,"15":0,"16":0,"17":0,"18":0,"19":0,"20":1,"21":0,"22":0,"23":0,"24":0,"25":0,"26":0,"27":0,"28":1},"f":{"0":0,"1":0,"2":0,"3":0},"b":{"0":[0,0],"1":[0,0],"2":[0,0],"3":[0,0],"4":[0,0],"5":[0,0],"6":[0,0]},"_coverageSchema":"1a1c01bbd47fc00a2c39e90264f33305004495a9","hash":"c5952dbe4ac5cd7fee4b01cd49843cc35f53fb56"}
,"C:\\Users\\Anish\\Desktop\\waether-dashboard\\server\\services\\weatherService.js": {"path":"C:\\Users\\Anish\\Desktop\\waether-dashboard\\server\\services\\weatherService.js","statementMap":{"0":{"start":{"line":1,"column":14},"end":{"line":1,"column":30}},"1":{"start":{"line":2,"column":16},"end":{"line":2,"column":44}},"2":{"start":{"line":3,"column":15},"end":{"line":3,"column":41}},"3":{"start":{"line":6,"column":23},"end":{"line":31,"column":1}},"4":{"start":{"line":33,"column":16},"end":{"line":37,"column":1}},"5":{"start":{"line":34,"column":14},"end":{"line":34,"column":66}},"6":{"start":{"line":35,"column":24},"end":{"line":35,"column":65}},"7":{"start":{"line":36,"column":2},"end":{"line":36,"column":29}},"8":{"start":{"line":39,"column":33},"end":{"line":63,"column":1}},"9":{"start":{"line":40,"column":15},"end":{"line":40,"column":66}},"10":{"start":{"line":43,"column":18},"end":{"line":43,"column":43}},"11":{"start":{"line":44,"column":18},"end":{"line":44,"column":57}},"12":{"start":{"line":45,"column":17},"end":{"line":45,"column":60}},"13":{"start":{"line":47,"column":20},"end":{"line":47,"column":51}},"14":{"start":{"line":48,"column":20},"end":{"line":48,"column":51}},"15":{"start":{"line":49,"column":17},"end":{"line":49,"column":51}},"16":{"start":{"line":50,"column":2},"end":{"line":50,"column":40}},"17":{"start":{"line":50,"column":27},"end":{"line":50,"column":40}},"18":{"start":{"line":53,"column":2},"end":{"line":53,"column":50}},"19":{"start":{"line":55,"column":2},"end":{"line":62,"column":4}},"20":{"start":{"line":65,"column":26},"end":{"line":143,"column":1}},"21":{"start":{"line":67,"column":17},"end":{"line":67,"column":56}},"22":{"start":{"line":68,"column":2},"end":{"line":71,"column":3}},"23":{"start":{"line":69,"column":4},"end":{"line":69,"column":55}},"24":{"start":{"line":70,"column":4},"end":{"line":70,"column":23}},"25":{"start":{"line":73,"column":2},"end":{"line":73,"column":91}},"26":{"start":{"line":78,"column":17},"end":{"line":78,"column":48}},"27":{"start":{"line":79,"column":21},"end":{"line":79,"column":41}},"28":{"start":{"line":80,"column":21},"end":{"line":80,"column":91}},"29":{"start":{"line":82,"column":2},"end":{"line":133,"column":3}},"30":{"start":{"line":83,"column":4},"end":{"line":129,"column":5}},"31":{"start":{"line":85,"column":24},"end":{"line":85,"column":31}},"32":{"start":{"line":86,"column":23},"end":{"line":93,"column":8}},"33":{"start":{"line":95,"column":19},"end":{"line":95,"column":32}},"34":{"start":{"line":98,"column":17},"end":{"line":98,"column":23}},"35":{"start":{"line":99,"column":19},"end":{"line":99,"column":29}},"36":{"start":{"line":100,"column":24},"end":{"line":100,"column":42}},"37":{"start":{"line":102,"column":6},"end":{"line":114,"column":7}},"38":{"start":{"line":103,"column":8},"end":{"line":103,"column":23}},"39":{"start":{"line":104,"column":8},"end":{"line":104,"column":30}},"40":{"start":{"line":105,"column":13},"end":{"line":114,"column":7}},"41":{"start":{"line":106,"column":8},"end":{"line":106,"column":22}},"42":{"start":{"line":107,"column":8},"end":{"line":107,"column":32}},"43":{"start":{"line":108,"column":13},"end":{"line":114,"column":7}},"44":{"start":{"line":109,"column":8},"end":{"line":109,"column":23}},"45":{"start":{"line":110,"column":8},"end":{"line":110,"column":31}},"46":{"start":{"line":112,"column":8},"end":{"line":112,"column":22}},"47":{"start":{"line":113,"column":8},"end":{"line":113,"column":31}},"48":{"start":{"line":116,"column":6},"end":{"line":123,"column":8}},"49":{"start":{"line":125,"column":6},"end":{"line":125,"column":97}},"50":{"start":{"line":127,"column":6},"end":{"line":127,"column":111}},"51":{"start":{"line":128,"column":6},"end":{"line":128,"column":51}},"52":{"start":{"line":132,"column":4},"end":{"line":132,"column":49}},"53":{"start":{"line":136,"column":21},"end":{"line":140,"column":3}},"54":{"start":{"line":142,"column":2},"end":{"line":142,"column":25}},"55":{"start":{"line":145,"column":0},"end":{"line":147,"column":2}}},"fnMap":{"0":{"name":"(anonymous_0)","decl":{"start":{"line":33,"column":16},"end":{"line":33,"column":17}},"loc":{"start":{"line":33,"column":31},"end":{"line":37,"column":1}},"line":33},"1":{"name":"(anonymous_1)","decl":{"start":{"line":39,"column":33},"end":{"line":39,"column":34}},"loc":{"start":{"line":39,"column":43},"end":{"line":63,"column":1}},"line":39},"2":{"name":"(anonymous_2)","decl":{"start":{"line":65,"column":26},"end":{"line":65,"column":27}},"loc":{"start":{"line":65,"column":50},"end":{"line":143,"column":1}},"line":65}},"branchMap":{"0":{"loc":{"start":{"line":34,"column":23},"end":{"line":34,"column":61}},"type":"binary-expr","locations":[{"start":{"line":34,"column":23},"end":{"line":34,"column":52}},{"start":{"line":34,"column":56},"end":{"line":34,"column":61}}],"line":34},"1":{"loc":{"start":{"line":40,"column":15},"end":{"line":40,"column":66}},"type":"binary-expr","locations":[{"start":{"line":40,"column":15},"end":{"line":40,"column":35}},{"start":{"line":40,"column":39},"end":{"line":40,"column":66}}],"line":40},"2":{"loc":{"start":{"line":50,"column":2},"end":{"line":50,"column":40}},"type":"if","locations":[{"start":{"line":50,"column":2},"end":{"line":50,"column":40}},{"start":{},"end":{}}],"line":50},"3":{"loc":{"start":{"line":68,"column":2},"end":{"line":71,"column":3}},"type":"if","locations":[{"start":{"line":68,"column":2},"end":{"line":71,"column":3}},{"start":{},"end":{}}],"line":68},"4":{"loc":{"start":{"line":68,"column":6},"end":{"line":68,"column":41}},"type":"binary-expr","locations":[{"start":{"line":68,"column":6},"end":{"line":68,"column":12}},{"start":{"line":68,"column":16},"end":{"line":68,"column":41}}],"line":68},"5":{"loc":{"start":{"line":80,"column":21},"end":{"line":80,"column":91}},"type":"binary-expr","locations":[{"start":{"line":80,"column":21},"end":{"line":80,"column":28}},{"start":{"line":80,"column":32},"end":{"line":80,"column":57}},{"start":{"line":80,"column":61},"end":{"line":80,"column":91}}],"line":80},"6":{"loc":{"start":{"line":82,"column":2},"end":{"line":133,"column":3}},"type":"if","locations":[{"start":{"line":82,"column":2},"end":{"line":133,"column":3}},{"start":{"line":130,"column":9},"end":{"line":133,"column":3}}],"line":82},"7":{"loc":{"start":{"line":82,"column":6},"end":{"line":82,"column":31}},"type":"binary-expr","locations":[{"start":{"line":82,"column":6},"end":{"line":82,"column":16}},{"start":{"line":82,"column":20},"end":{"line":82,"column":31}}],"line":82},"8":{"loc":{"start":{"line":102,"column":6},"end":{"line":114,"column":7}},"type":"if","locations":[{"start":{"line":102,"column":6},"end":{"line":114,"column":7}},{"start":{"line":105,"column":13},"end":{"line":114,"column":7}}],"line":102},"9":{"loc":{"start":{"line":105,"column":13},"end":{"line":114,"column":7}},"type":"if","locations":[{"start":{"line":105,"column":13},"end":{"line":114,"column":7}},{"start":{"line":108,"column":13},"end":{"line":114,"column":7}}],"line":105},"10":{"loc":{"start":{"line":105,"column":17},"end":{"line":105,"column":52}},"type":"binary-expr","locations":[{"start":{"line":105,"column":17},"end":{"line":105,"column":33}},{"start":{"line":105,"column":37},"end":{"line":105,"column":52}}],"line":105},"11":{"loc":{"start":{"line":108,"column":13},"end":{"line":114,"column":7}},"type":"if","locations":[{"start":{"line":108,"column":13},"end":{"line":114,"column":7}},{"start":{"line":111,"column":13},"end":{"line":114,"column":7}}],"line":108}},"s":{"0":1,"1":1,"2":1,"3":1,"4":1,"5":0,"6":0,"7":0,"8":1,"9":0,"10":0,"11":0,"12":0,"13":0,"14":0,"15":0,"16":0,"17":0,"18":0,"19":0,"20":1,"21":0,"22":0,"23":0,"24":0,"25":0,"26":0,"27":0,"28":0,"29":0,"30":0,"31":0,"32":0,"33":0,"34":0,"35":0,"36":0,"37":0,"38":0,"39":0,"40":0,"41":0,"42":0,"43":0,"44":0,"45":0,"46":0,"47":0,"48":0,"49":0,"50":0,"51":0,"52":0,"53":0,"54":0,"55":1},"f":{"0":0,"1":0,"2":0},"b":{"0":[0,0],"1":[0,0],"2":[0,0],"3":[0,0],"4":[0,0],"5":[0,0,0],"6":[0,0],"7":[0,0],"8":[0,0],"9":[0,0],"10":[0,0],"11":[0,0]},"_coverageSchema":"1a1c01bbd47fc00a2c39e90264f33305004495a9","hash":"f21b9305d24245be5e42843b9cba4111a9fdff9b"}
,"C:\\Users\\Anish\\Desktop\\waether-dashboard\\server\\utils\\errors.js": {"path":"C:\\Users\\Anish\\Desktop\\waether-dashboard\\server\\utils\\errors.js","statementMap":{"0":{"start":{"line":3,"column":4},"end":{"line":3,"column":19}},"1":{"start":{"line":4,"column":4},"end":{"line":4,"column":33}},"2":{"start":{"line":5,"column":4},"end":{"line":5,"column":69}},"3":{"start":{"line":6,"column":4},"end":{"line":6,"column":30}},"4":{"start":{"line":8,"column":4},"end":{"line":8,"column":52}},"5":{"start":{"line":14,"column":4},"end":{"line":14,"column":24}},"6":{"start":{"line":20,"column":4},"end":{"line":20,"column":24}},"7":{"start":{"line":26,"column":4},"end":{"line":26,"column":24}},"8":{"start":{"line":32,"column":4},"end":{"line":32,"column":24}},"9":{"start":{"line":38,"column":4},"end":{"line":38,"column":24}},"10":{"start":{"line":42,"column":0},"end":{"line":49,"column":2}}},"fnMap":{"0":{"name":"(anonymous_0)","decl":{"start":{"line":2,"column":2},"end":{"line":2,"column":3}},"loc":{"start":{"line":2,"column":35},"end":{"line":9,"column":3}},"line":2},"1":{"name":"(anonymous_1)","decl":{"start":{"line":13,"column":2},"end":{"line":13,"column":3}},"loc":{"start":{"line":13,"column":39},"end":{"line":15,"column":3}},"line":13},"2":{"name":"(anonymous_2)","decl":{"start":{"line":19,"column":2},"end":{"line":19,"column":3}},"loc":{"start":{"line":19,"column":47},"end":{"line":21,"column":3}},"line":19},"3":{"name":"(anonymous_3)","decl":{"start":{"line":25,"column":2},"end":{"line":25,"column":3}},"loc":{"start":{"line":25,"column":37},"end":{"line":27,"column":3}},"line":25},"4":{"name":"(anonymous_4)","decl":{"start":{"line":31,"column":2},"end":{"line":31,"column":3}},"loc":{"start":{"line":31,"column":46},"end":{"line":33,"column":3}},"line":31},"5":{"name":"(anonymous_5)","decl":{"start":{"line":37,"column":2},"end":{"line":37,"column":3}},"loc":{"start":{"line":37,"column":49},"end":{"line":39,"column":3}},"line":37}},"branchMap":{"0":{"loc":{"start":{"line":5,"column":18},"end":{"line":5,"column":68}},"type":"cond-expr","locations":[{"start":{"line":5,"column":52},"end":{"line":5,"column":58}},{"start":{"line":5,"column":61},"end":{"line":5,"column":68}}],"line":5},"1":{"loc":{"start":{"line":13,"column":14},"end":{"line":13,"column":37}},"type":"default-arg","locations":[{"start":{"line":13,"column":24},"end":{"line":13,"column":37}}],"line":13},"2":{"loc":{"start":{"line":19,"column":14},"end":{"line":19,"column":45}},"type":"default-arg","locations":[{"start":{"line":19,"column":24},"end":{"line":19,"column":45}}],"line":19},"3":{"loc":{"start":{"line":25,"column":14},"end":{"line":25,"column":35}},"type":"default-arg","locations":[{"start":{"line":25,"column":24},"end":{"line":25,"column":35}}],"line":25},"4":{"loc":{"start":{"line":31,"column":14},"end":{"line":31,"column":44}},"type":"default-arg","locations":[{"start":{"line":31,"column":24},"end":{"line":31,"column":44}}],"line":31},"5":{"loc":{"start":{"line":37,"column":14},"end":{"line":37,"column":47}},"type":"default-arg","locations":[{"start":{"line":37,"column":24},"end":{"line":37,"column":47}}],"line":37}},"s":{"0":1,"1":1,"2":1,"3":1,"4":1,"5":0,"6":1,"7":0,"8":0,"9":0,"10":1},"f":{"0":1,"1":0,"2":1,"3":0,"4":0,"5":0},"b":{"0":[1,0],"1":[0],"2":[0],"3":[0],"4":[0],"5":[0]},"_coverageSchema":"1a1c01bbd47fc00a2c39e90264f33305004495a9","hash":"0940ba4db3a7dc3cb183e4c78bee561b027a56ec"}
,"C:\\Users\\Anish\\Desktop\\waether-dashboard\\server\\utils\\logger.js": {"path":"C:\\Users\\Anish\\Desktop\\waether-dashboard\\server\\utils\\logger.js","statementMap":{"0":{"start":{"line":1,"column":16},"end":{"line":1,"column":34}},"1":{"start":{"line":2,"column":13},"end":{"line":2,"column":28}},"2":{"start":{"line":4,"column":18},"end":{"line":6,"column":2}},"3":{"start":{"line":5,"column":2},"end":{"line":5,"column":63}},"4":{"start":{"line":8,"column":15},"end":{"line":23,"column":2}},"5":{"start":{"line":25,"column":0},"end":{"line":33,"column":1}},"6":{"start":{"line":26,"column":2},"end":{"line":32,"column":6}},"7":{"start":{"line":35,"column":0},"end":{"line":35,"column":24}}},"fnMap":{"0":{"name":"(anonymous_0)","decl":{"start":{"line":4,"column":40},"end":{"line":4,"column":41}},"loc":{"start":{"line":4,"column":75},"end":{"line":6,"column":1}},"line":4}},"branchMap":{"0":{"loc":{"start":{"line":9,"column":9},"end":{"line":9,"column":65}},"type":"cond-expr","locations":[{"start":{"line":9,"column":49},"end":{"line":9,"column":55}},{"start":{"line":9,"column":58},"end":{"line":9,"column":65}}],"line":9},"1":{"loc":{"start":{"line":25,"column":0},"end":{"line":33,"column":1}},"type":"if","locations":[{"start":{"line":25,"column":0},"end":{"line":33,"column":1}},{"start":{},"end":{}}],"line":25}},"s":{"0":1,"1":1,"2":1,"3":10,"4":1,"5":1,"6":1,"7":1},"f":{"0":10},"b":{"0":[0,1],"1":[1,0]},"_coverageSchema":"1a1c01bbd47fc00a2c39e90264f33305004495a9","hash":"fec85863b07339728633292c4cd6aed61e04d7c8"}
,"C:\\Users\\Anish\\Desktop\\waether-dashboard\\server\\validators\\authValidator.js": {"path":"C:\\Users\\Anish\\Desktop\\waether-dashboard\\server\\validators\\authValidator.js","statementMap":{"0":{"start":{"line":1,"column":12},"end":{"line":1,"column":26}},"1":{"start":{"line":3,"column":23},"end":{"line":15,"column":2}},"2":{"start":{"line":17,"column":20},"end":{"line":25,"column":2}},"3":{"start":{"line":27,"column":0},"end":{"line":30,"column":2}}},"fnMap":{},"branchMap":{},"s":{"0":1,"1":1,"2":1,"3":1},"f":{},"b":{},"_coverageSchema":"1a1c01bbd47fc00a2c39e90264f33305004495a9","hash":"3d44a6872050addb7648d58c3fedeff89301ac7e"}
,"C:\\Users\\Anish\\Desktop\\waether-dashboard\\server\\validators\\noteValidator.js": {"path":"C:\\Users\\Anish\\Desktop\\waether-dashboard\\server\\validators\\noteValidator.js","statementMap":{"0":{"start":{"line":1,"column":12},"end":{"line":1,"column":26}},"1":{"start":{"line":3,"column":23},"end":{"line":5,"column":2}},"2":{"start":{"line":7,"column":0},"end":{"line":9,"column":2}}},"fnMap":{},"branchMap":{},"s":{"0":1,"1":1,"2":1},"f":{},"b":{},"_coverageSchema":"1a1c01bbd47fc00a2c39e90264f33305004495a9","hash":"7932155f07c877aab0968bf549db86be3ed9376e"}
,"C:\\Users\\Anish\\Desktop\\waether-dashboard\\server\\validators\\taskValidator.js": {"path":"C:\\Users\\Anish\\Desktop\\waether-dashboard\\server\\validators\\taskValidator.js","statementMap":{"0":{"start":{"line":1,"column":12},"end":{"line":1,"column":26}},"1":{"start":{"line":3,"column":25},"end":{"line":11,"column":2}},"2":{"start":{"line":13,"column":25},"end":{"line":17,"column":2}},"3":{"start":{"line":19,"column":0},"end":{"line":22,"column":2}}},"fnMap":{},"branchMap":{},"s":{"0":1,"1":1,"2":1,"3":1},"f":{},"b":{},"_coverageSchema":"1a1c01bbd47fc00a2c39e90264f33305004495a9","hash":"b454cb46faa551282af0b03b3673859a8ee305d9"}
}
